Epoch   1/100  D: 0.6894  G: 0.6892  | Val D: 0.6915  G: 0.6915  (patience 0/5)
Epoch   2/100  D: 0.6915  G: 0.6917  | Val D: 0.6917  G: 0.6917  (patience 0/5)
Epoch   3/100  D: 0.6918  G: 0.6919  | Val D: 0.6921  G: 0.6921  (patience 0/5)
Epoch   4/100  D: 0.6921  G: 0.6920  | Val D: 0.6922  G: 0.6922  (patience 0/5)
Epoch   5/100  D: 0.6923  G: 0.6921  | Val D: 0.6925  G: 0.6925  (patience 0/5)
Epoch   6/100  D: 0.6925  G: 0.6923  | Val D: 0.6926  G: 0.6926  (patience 1/5)
Epoch   7/100  D: 0.6926  G: 0.6926  | Val D: 0.6929  G: 0.6929  (patience 0/5)
Epoch   8/100  D: 0.6926  G: 0.6925  | Val D: 0.6928  G: 0.6928  (patience 1/5)
Epoch   9/100  D: 0.6927  G: 0.6925  | Val D: 0.6927  G: 0.6927  (patience 2/5)
Epoch  10/100  D: 0.6927  G: 0.6928  | Val D: 0.6928  G: 0.6928  (patience 3/5)
Epoch  11/100  D: 0.6927  G: 0.6926  | Val D: 0.6929  G: 0.6929  (patience 4/5)
Epoch  12/100  D: 0.6926  G: 0.6925  | Val D: 0.6928  G: 0.6928  (patience 5/5)
Early stopping at epoch 12
Test  D: 0.6927  G: 0.6927
Saved run to runs/2026-03-20T155247Z
Saved runs/2026-03-20T155247Z/detector_level.pdf
Saved runs/2026-03-20T155247Z/particle_level.pdf
Saved runs/2026-03-20T155247Z/losses.pdf
  2026-03-20T155247Z: loading model and data...

========================================================================
  Run: 2026-03-20T155247Z
========================================================================

  DETECTOR LEVEL
  Var        Metric             Before      After    Improv.
  --------------------------------------------------------
  m          Wasserstein        0.2073     0.0105     +94.9%
             JS div           0.006899   0.000291     +95.8%
             Δ (x1e3)          27.3659     1.0073     +96.3%
  M          Wasserstein        0.2254     0.0128     +94.3%
             JS div           0.009897   0.000503     +94.9%
             Δ (x1e3)          39.1038     1.8053     +95.4%
  w          Wasserstein        0.2643     0.0047     +98.2%
             JS div           0.009356   0.000391     +95.8%
             Δ (x1e3)          37.1344     1.5341     +95.9%
  tau21      Wasserstein        0.1209     0.0055     +95.5%
             JS div           0.003457   0.000241     +93.0%
             Δ (x1e3)          13.7651     0.9567     +93.1%
  zg         Wasserstein        0.0562     0.0094     +83.2%
             JS div           0.000787   0.000268     +65.9%
             Δ (x1e3)           3.1393     1.0720     +65.9%
  sdm        Wasserstein        0.2371     0.0118     +95.0%
             JS div           0.008665   0.000427     +95.1%
             Δ (x1e3)          34.3962     1.6803     +95.1%

  PARTICLE LEVEL
  Var        Metric             Before      After    Improv.
  --------------------------------------------------------
  m          Wasserstein        0.1088     0.0905     +16.8%
             JS div           0.002037   0.001841      +9.6%
             Δ (x1e3)           8.0623     7.2537     +10.0%
  M          Wasserstein        0.2546     0.0390     +84.7%
             JS div           0.007828   0.000586     +92.5%
             Δ (x1e3)          30.9786     2.2173     +92.8%
  w          Wasserstein        0.2834     0.0076     +97.3%
             JS div           0.011631   0.000428     +96.3%
             Δ (x1e3)          46.1513     1.6616     +96.4%
  tau21      Wasserstein        0.2581     0.0622     +75.9%
             JS div           0.010548   0.001505     +85.7%
             Δ (x1e3)          41.8911     5.9184     +85.9%
  zg         Wasserstein        0.1092     0.0171     +84.4%
             JS div           0.002018   0.000367     +81.8%
             Δ (x1e3)           7.9926     1.4676     +81.6%
  sdm        Wasserstein        0.2688     0.0130     +95.2%
             JS div           0.010123   0.000461     +95.5%
             Δ (x1e3)          40.2000     1.8065     +95.5%
